<?xml version="1.0" encoding="UTF-8"?>
<!-- Generated by org.testng.reporters.JUnitReportReporter -->
<testsuite hostname="localhost" name="Wordpress.Automation.server.TestNGAnnotation" tests="4" failures="0" timestamp="20 Apr 2016 06:19:09 GMT" time="0.016" errors="0">
  <testcase name="test2" time="0.002" classname="Wordpress.Automation.server.TestNGAnnotation"/>
  <testcase name="test1" time="0.002" classname="Wordpress.Automation.server.TestNGAnnotation"/>
  <testcase name="test2" time="0.002" classname="Wordpress.Automation.server.TestNGAnnotation"/>
  <testcase name="test1" time="0.010" classname="Wordpress.Automation.server.TestNGAnnotation"/>
</testsuite> <!-- Wordpress.Automation.server.TestNGAnnotation -->
