<?xml version="1.0" encoding="UTF-8"?>
<!-- Generated by org.testng.reporters.JUnitReportReporter -->
<testsuite hostname="localhost" name="Wordpress.Automation.server.LoginTest" tests="3" failures="0" timestamp="16 Apr 2016 05:12:15 GMT" time="2.045" errors="0">
  <testcase name="loadHomePage" time="0.029" classname="Wordpress.Automation.server.LoginTest"/>
  <testcase name="loginWithInvalidCredentials" time="1.015" classname="Wordpress.Automation.server.LoginTest"/>
  <testcase name="loginWithValidCredentials" time="1.001" classname="Wordpress.Automation.server.LoginTest"/>
</testsuite> <!-- Wordpress.Automation.server.LoginTest -->
