<?xml version="1.0" encoding="UTF-8"?>
<!-- Generated by org.testng.reporters.JUnitReportReporter -->
<testsuite hostname="localhost" name="wordpress.automation.client.AppLoginTest" tests="1" failures="0" timestamp="28 Apr 2016 16:19:07 GMT" time="27.172" errors="0">
  <testcase name="test" time="27.172" classname="wordpress.automation.client.AppLoginTest"/>
</testsuite> <!-- wordpress.automation.client.AppLoginTest -->
