<?xml version="1.0" encoding="UTF-8"?>
<!-- Generated by org.testng.reporters.JUnitReportReporter -->
<testsuite hostname="localhost" name="Wordpress.Automation.server.AllPostsTest" tests="1" failures="0" timestamp="18 Apr 2016 14:51:36 GMT" time="6.860" errors="0">
  <testcase name="getAllPostDetails" time="6.860" classname="Wordpress.Automation.server.AllPostsTest"/>
</testsuite> <!-- Wordpress.Automation.server.AllPostsTest -->
