<?xml version="1.0" encoding="UTF-8"?>
<!-- Generated by org.testng.reporters.JUnitReportReporter -->
<testsuite hostname="localhost" name="Wordpress.Automation.server.Maths" tests="1" failures="0" timestamp="4 Aug 2016 16:54:21 GMT" time="0.017" errors="0">
  <testcase name="addNumbersFromXMLMethod" time="0.017" classname="Wordpress.Automation.server.Maths"/>
</testsuite> <!-- Wordpress.Automation.server.Maths -->
